2019-08-27 [11:34:36] [Server thread/WARNING]: ChunkUtils extension is missing. Anvil-format worlds will experience degraded performance.
2019-08-27 [11:34:36] [Server thread/INFO]: Loading pocketmine.yml...
2019-08-27 [11:34:36] [Server thread/INFO]: Loading server properties...
2019-08-27 [11:34:36] [Server thread/INFO]: Selected English (eng) as the base language
2019-08-27 [11:34:36] [Server thread/INFO]: Starting Minecraft: Bedrock Edition server version v1.12.0
2019-08-27 [11:34:36] [Server thread/NOTICE]: Online mode is enabled. The server will verify that players are authenticated to Xbox Live.
2019-08-27 [11:34:36] [Server thread/NOTICE]: To disable authentication, set "xbox-auth" to "false" in server.properties.
2019-08-27 [11:34:36] [Server thread/INFO]: Opening server on 0.0.0.0:19132
2019-08-27 [11:34:36] [Server thread/INFO]: This server is running PocketMine-MP version 3.9.4
2019-08-27 [11:34:36] [Server thread/INFO]: PocketMine-MP is distributed under the LGPL License
2019-08-27 [11:34:37] [Server thread/INFO]: Loading resource packs...
2019-08-27 [11:34:37] [Server thread/NOTICE]: World "world" not found
2019-08-27 [11:34:37] [Server thread/INFO]: Preparing world "world"
2019-08-27 [11:34:37] [Server thread/NOTICE]: Spawn terrain for world "world" is being generated in the background
2019-08-27 [11:34:37] [Server thread/INFO]: Starting GS4 status listener
2019-08-27 [11:34:37] [Server thread/INFO]: Setting query port to 19132
2019-08-27 [11:34:37] [Server thread/INFO]: Query running on 0.0.0.0:19132
2019-08-27 [11:34:37] [Server thread/INFO]: Default game type: Survival Mode
2019-08-27 [11:34:37] [Server thread/INFO]: Done (1.298s)! For help, type "help" or "?"
2019-08-27 [11:34:42] [Server thread/INFO]: [CONSOLE: Stopping the server]
2019-08-27 [11:34:42] [Server thread/INFO]: Unloading world "world"
2019-08-27 [11:34:43] [Server thread/INFO]: Stopping other threads
